{
  "RSpec": {
    "coverage": {
      "/Users/brookefox/Dropbox/wdi/projects/4-mathacademy/project-four/app/helpers/algebras_helper.rb": [
        1,
        null
      ],
      "/Users/brookefox/Dropbox/wdi/projects/4-mathacademy/project-four/app/helpers/application_helper.rb": [
        1,
        null
      ],
      "/Users/brookefox/Dropbox/wdi/projects/4-mathacademy/project-four/app/helpers/business_maths_helper.rb": [
        1,
        null
      ],
      "/Users/brookefox/Dropbox/wdi/projects/4-mathacademy/project-four/app/helpers/linears_helper.rb": [
        1,
        null
      ],
      "/Users/brookefox/Dropbox/wdi/projects/4-mathacademy/project-four/app/helpers/lowers_helper.rb": [
        1,
        null
      ],
      "/Users/brookefox/Dropbox/wdi/projects/4-mathacademy/project-four/app/helpers/precalcs_helper.rb": [
        1,
        null
      ],
      "/Users/brookefox/Dropbox/wdi/projects/4-mathacademy/project-four/app/helpers/proofs_helper.rb": [
        1,
        null
      ],
      "/Users/brookefox/Dropbox/wdi/projects/4-mathacademy/project-four/app/helpers/sessions_helper.rb": [
        1,
        null
      ],
      "/Users/brookefox/Dropbox/wdi/projects/4-mathacademy/project-four/app/helpers/uppers_helper.rb": [
        1,
        null
      ],
      "/Users/brookefox/Dropbox/wdi/projects/4-mathacademy/project-four/app/helpers/users_helper.rb": [
        1,
        null
      ],
      "/Users/brookefox/Dropbox/wdi/projects/4-mathacademy/project-four/app/controllers/algebras_controller.rb": [
        1,
        null,
        1,
        0,
        null,
        null,
        1,
        0,
        null,
        null,
        1,
        0,
        0,
        null,
        null,
        1,
        0,
        0,
        null,
        null,
        1,
        0,
        null,
        null,
        1,
        0,
        0,
        0,
        null,
        0,
        null,
        null,
        null,
        1,
        0,
        null,
        null,
        1,
        1,
        0,
        null,
        null,
        null,
        null
      ],
      "/Users/brookefox/Dropbox/wdi/projects/4-mathacademy/project-four/app/controllers/application_controller.rb": [
        1,
        null,
        null,
        1,
        null
      ],
      "/Users/brookefox/Dropbox/wdi/projects/4-mathacademy/project-four/app/controllers/business_maths_controller.rb": [
        1,
        null,
        1,
        0,
        null,
        null,
        1,
        0,
        null,
        null,
        1,
        0,
        0,
        null,
        null,
        1,
        0,
        0,
        null,
        null,
        1,
        0,
        null,
        null,
        1,
        0,
        0,
        0,
        null,
        0,
        null,
        null,
        null,
        1,
        0,
        null,
        null,
        1,
        1,
        0,
        null,
        null,
        null,
        null
      ],
      "/Users/brookefox/Dropbox/wdi/projects/4-mathacademy/project-four/app/controllers/linears_controller.rb": [
        1,
        null,
        1,
        0,
        null,
        null,
        1,
        0,
        null,
        null,
        1,
        0,
        0,
        null,
        null,
        1,
        0,
        0,
        null,
        null,
        1,
        0,
        null,
        null,
        1,
        0,
        0,
        0,
        null,
        0,
        null,
        null,
        null,
        1,
        0,
        null,
        null,
        1,
        1,
        0,
        null,
        null,
        null,
        null
      ],
      "/Users/brookefox/Dropbox/wdi/projects/4-mathacademy/project-four/app/controllers/lowers_controller.rb": [
        1,
        null,
        1,
        0,
        null,
        null,
        1,
        0,
        null,
        null,
        1,
        0,
        0,
        null,
        null,
        1,
        0,
        0,
        null,
        null,
        1,
        0,
        null,
        null,
        1,
        0,
        0,
        0,
        null,
        0,
        null,
        null,
        null,
        1,
        0,
        null,
        null,
        1,
        1,
        0,
        null,
        null,
        null,
        null
      ],
      "/Users/brookefox/Dropbox/wdi/projects/4-mathacademy/project-four/app/controllers/precalcs_controller.rb": [
        1,
        null,
        1,
        0,
        null,
        null,
        1,
        0,
        null,
        null,
        1,
        0,
        0,
        null,
        null,
        1,
        0,
        0,
        null,
        null,
        1,
        0,
        0,
        null,
        null,
        1,
        0,
        0,
        null,
        null,
        1,
        0,
        0,
        null,
        null,
        1,
        0,
        0,
        null,
        null,
        1,
        0,
        0,
        null,
        null,
        1,
        0,
        0,
        null,
        null,
        1,
        0,
        0,
        null,
        null,
        1,
        0,
        0,
        0,
        null,
        0,
        null,
        null,
        null,
        1,
        0,
        null,
        null,
        1,
        1,
        0,
        null,
        null,
        null,
        null
      ],
      "/Users/brookefox/Dropbox/wdi/projects/4-mathacademy/project-four/app/controllers/proofs_controller.rb": [
        1,
        null,
        1,
        0,
        null,
        null,
        1,
        0,
        null,
        null,
        1,
        0,
        0,
        null,
        null,
        1,
        0,
        0,
        null,
        null,
        1,
        0,
        null,
        null,
        1,
        0,
        0,
        0,
        null,
        0,
        null,
        null,
        null,
        1,
        0,
        null,
        null,
        1,
        1,
        0,
        null,
        null,
        null,
        null
      ],
      "/Users/brookefox/Dropbox/wdi/projects/4-mathacademy/project-four/app/controllers/sessions_controller.rb": [
        1,
        null,
        1,
        0,
        null,
        null,
        1,
        0,
        0,
        0,
        0,
        null,
        0,
        null,
        null,
        null,
        1,
        0,
        0,
        null,
        null,
        null
      ],
      "/Users/brookefox/Dropbox/wdi/projects/4-mathacademy/project-four/app/controllers/uppers_controller.rb": [
        1,
        null,
        1,
        0,
        null,
        null,
        1,
        0,
        null,
        null,
        1,
        0,
        0,
        null,
        null,
        1,
        0,
        0,
        null,
        null,
        1,
        0,
        null,
        null,
        1,
        0,
        0,
        0,
        null,
        0,
        null,
        null,
        null,
        1,
        0,
        null,
        null,
        1,
        1,
        0,
        null,
        null,
        null,
        null
      ],
      "/Users/brookefox/Dropbox/wdi/projects/4-mathacademy/project-four/app/controllers/users_controller.rb": [
        1,
        null,
        1,
        0,
        null,
        null,
        1,
        0,
        null,
        null,
        1,
        0,
        0,
        0,
        0,
        null,
        0,
        null,
        null,
        null,
        1,
        0,
        null,
        null,
        1,
        0,
        null,
        null,
        1,
        0,
        0,
        0,
        null,
        0,
        null,
        null,
        null,
        1,
        0,
        0,
        0,
        null,
        null,
        1,
        1,
        0,
        null,
        null,
        null,
        null
      ],
      "/Users/brookefox/Dropbox/wdi/projects/4-mathacademy/project-four/app/models/algebra.rb": [
        1,
        null
      ],
      "/Users/brookefox/Dropbox/wdi/projects/4-mathacademy/project-four/app/models/business_math.rb": [
        1,
        null
      ],
      "/Users/brookefox/Dropbox/wdi/projects/4-mathacademy/project-four/app/models/linear.rb": [
        1,
        null
      ],
      "/Users/brookefox/Dropbox/wdi/projects/4-mathacademy/project-four/app/models/lower.rb": [
        1,
        null
      ],
      "/Users/brookefox/Dropbox/wdi/projects/4-mathacademy/project-four/app/models/precalc.rb": [
        1,
        null,
        null
      ],
      "/Users/brookefox/Dropbox/wdi/projects/4-mathacademy/project-four/app/models/proof.rb": [
        1,
        null
      ],
      "/Users/brookefox/Dropbox/wdi/projects/4-mathacademy/project-four/app/models/upper.rb": [
        1,
        null
      ],
      "/Users/brookefox/Dropbox/wdi/projects/4-mathacademy/project-four/app/models/user.rb": [
        1,
        null,
        1,
        1,
        null,
        1,
        1,
        1,
        1,
        1,
        1,
        1,
        null,
        1,
        1,
        1,
        null,
        null
      ]
    },
    "timestamp": 1427744746
  }
}
